<?xml version="1.0" encoding="UTF-8"?>
<!-- Generated by org.testng.reporters.JUnitXMLReporter -->
<testsuite hostname="DESKTOP-606JVM2" ignored="0" name="Test" tests="1" failures="1" timestamp="08 Jul 2017 02:44:52 GMT" time="2.419" errors="0">
  <testcase name="feature" time="1.854" classname="cucumber.api.testng.AbstractTestNGCucumberTests">
    <failure type="cucumber.runtime.CucumberException" message="org.json.JSONException: JSONObject[&amp;quot;result&amp;quot;] not found.">
      <![CDATA[cucumber.runtime.CucumberException: org.json.JSONException: JSONObject["result"] not found.
	at cucumber.api.testng.TestNGCucumberRunner.runCucumber(TestNGCucumberRunner.java:69)
	at cucumber.api.testng.AbstractTestNGCucumberTests.feature(AbstractTestNGCucumberTests.java:21)
Caused by: org.json.JSONException: JSONObject["result"] not found.
	at org.json.JSONObject.get(JSONObject.java:472)
	at Runner.STep_Definitions.connectto_webservice_and_check_status(STep_Definitions.java:55)
	at âœ½.Then connectto webservice and check status "200"(src/test/cucumber/test1.feature:8)
... Removed 25 stack frames]]>
    </failure>
  </testcase> <!-- feature -->
</testsuite> <!-- Test -->
